<?xml version="1.0" encoding="UTF-8"?>
<testsuite xmlns:xsi="http://www.w3.org/2001/XMLSchema-instance" xsi:noNamespaceSchemaLocation="https://maven.apache.org/surefire/maven-surefire-plugin/xsd/surefire-test-report.xsd" name="com.nasus.thymeleaf.ThymeleafApplicationTests" time="4.882" tests="1" errors="0" skipped="0" failures="0">
  <properties>
    <property name="sun.desktop" value="windows"/>
    <property name="awt.toolkit" value="sun.awt.windows.WToolkit"/>
    <property name="file.encoding.pkg" value="sun.io"/>
    <property name="java.specification.version" value="1.8"/>
    <property name="sun.cpu.isalist" value="amd64"/>
    <property name="sun.jnu.encoding" value="GBK"/>
    <property name="java.class.path" value="D:\springbootdemo\Demo-master\springboot_thymeleaf_demo\target\test-classes;D:\springbootdemo\Demo-master\springboot_thymeleaf_demo\target\classes;D:\wenjian\RepMaven\org\springframework\boot\spring-boot-starter-data-jpa\2.1.3.RELEASE\spring-boot-starter-data-jpa-2.1.3.RELEASE.jar;D:\wenjian\RepMaven\org\springframework\boot\spring-boot-starter-aop\2.1.3.RELEASE\spring-boot-starter-aop-2.1.3.RELEASE.jar;D:\wenjian\RepMaven\org\springframework\spring-aop\5.1.5.RELEASE\spring-aop-5.1.5.RELEASE.jar;D:\wenjian\RepMaven\org\aspectj\aspectjweaver\1.9.2\aspectjweaver-1.9.2.jar;D:\wenjian\RepMaven\org\springframework\boot\spring-boot-starter-jdbc\2.1.3.RELEASE\spring-boot-starter-jdbc-2.1.3.RELEASE.jar;D:\wenjian\RepMaven\com\zaxxer\HikariCP\3.2.0\HikariCP-3.2.0.jar;D:\wenjian\RepMaven\org\springframework\spring-jdbc\5.1.5.RELEASE\spring-jdbc-5.1.5.RELEASE.jar;D:\wenjian\RepMaven\javax\transaction\javax.transaction-api\1.3\javax.transaction-api-1.3.jar;D:\wenjian\RepMaven\javax\xml\bind\jaxb-api\2.3.1\jaxb-api-2.3.1.jar;D:\wenjian\RepMaven\javax\activation\javax.activation-api\1.2.0\javax.activation-api-1.2.0.jar;D:\wenjian\RepMaven\org\hibernate\hibernate-core\5.3.7.Final\hibernate-core-5.3.7.Final.jar;D:\wenjian\RepMaven\org\jboss\logging\jboss-logging\3.3.2.Final\jboss-logging-3.3.2.Final.jar;D:\wenjian\RepMaven\javax\persistence\javax.persistence-api\2.2\javax.persistence-api-2.2.jar;D:\wenjian\RepMaven\org\javassist\javassist\3.23.1-GA\javassist-3.23.1-GA.jar;D:\wenjian\RepMaven\net\bytebuddy\byte-buddy\1.9.10\byte-buddy-1.9.10.jar;D:\wenjian\RepMaven\antlr\antlr\2.7.7\antlr-2.7.7.jar;D:\wenjian\RepMaven\org\jboss\jandex\2.0.5.Final\jandex-2.0.5.Final.jar;D:\wenjian\RepMaven\com\fasterxml\classmate\1.4.0\classmate-1.4.0.jar;D:\wenjian\RepMaven\org\dom4j\dom4j\2.1.1\dom4j-2.1.1.jar;D:\wenjian\RepMaven\org\hibernate\common\hibernate-commons-annotations\5.0.4.Final\hibernate-commons-annotations-5.0.4.Final.jar;D:\wenjian\RepMaven\org\springframework\data\spring-data-jpa\2.1.5.RELEASE\spring-data-jpa-2.1.5.RELEASE.jar;D:\wenjian\RepMaven\org\springframework\data\spring-data-commons\2.1.5.RELEASE\spring-data-commons-2.1.5.RELEASE.jar;D:\wenjian\RepMaven\org\springframework\spring-orm\5.1.5.RELEASE\spring-orm-5.1.5.RELEASE.jar;D:\wenjian\RepMaven\org\springframework\spring-context\5.1.5.RELEASE\spring-context-5.1.5.RELEASE.jar;D:\wenjian\RepMaven\org\springframework\spring-tx\5.1.5.RELEASE\spring-tx-5.1.5.RELEASE.jar;D:\wenjian\RepMaven\org\springframework\spring-beans\5.1.5.RELEASE\spring-beans-5.1.5.RELEASE.jar;D:\wenjian\RepMaven\org\slf4j\slf4j-api\1.7.25\slf4j-api-1.7.25.jar;D:\wenjian\RepMaven\org\springframework\spring-aspects\5.1.5.RELEASE\spring-aspects-5.1.5.RELEASE.jar;D:\wenjian\RepMaven\org\springframework\boot\spring-boot-starter-web\2.1.3.RELEASE\spring-boot-starter-web-2.1.3.RELEASE.jar;D:\wenjian\RepMaven\org\springframework\boot\spring-boot-starter\2.1.3.RELEASE\spring-boot-starter-2.1.3.RELEASE.jar;D:\wenjian\RepMaven\org\springframework\boot\spring-boot\2.1.3.RELEASE\spring-boot-2.1.3.RELEASE.jar;D:\wenjian\RepMaven\org\springframework\boot\spring-boot-autoconfigure\2.1.3.RELEASE\spring-boot-autoconfigure-2.1.3.RELEASE.jar;D:\wenjian\RepMaven\org\springframework\boot\spring-boot-starter-logging\2.1.3.RELEASE\spring-boot-starter-logging-2.1.3.RELEASE.jar;D:\wenjian\RepMaven\ch\qos\logback\logback-classic\1.2.3\logback-classic-1.2.3.jar;D:\wenjian\RepMaven\ch\qos\logback\logback-core\1.2.3\logback-core-1.2.3.jar;D:\wenjian\RepMaven\org\apache\logging\log4j\log4j-to-slf4j\2.11.2\log4j-to-slf4j-2.11.2.jar;D:\wenjian\RepMaven\org\apache\logging\log4j\log4j-api\2.11.2\log4j-api-2.11.2.jar;D:\wenjian\RepMaven\org\slf4j\jul-to-slf4j\1.7.25\jul-to-slf4j-1.7.25.jar;D:\wenjian\RepMaven\javax\annotation\javax.annotation-api\1.3.2\javax.annotation-api-1.3.2.jar;D:\wenjian\RepMaven\org\yaml\snakeyaml\1.23\snakeyaml-1.23.jar;D:\wenjian\RepMaven\org\springframework\boot\spring-boot-starter-json\2.1.3.RELEASE\spring-boot-starter-json-2.1.3.RELEASE.jar;D:\wenjian\RepMaven\com\fasterxml\jackson\core\jackson-databind\2.9.8\jackson-databind-2.9.8.jar;D:\wenjian\RepMaven\com\fasterxml\jackson\core\jackson-annotations\2.9.0\jackson-annotations-2.9.0.jar;D:\wenjian\RepMaven\com\fasterxml\jackson\core\jackson-core\2.9.8\jackson-core-2.9.8.jar;D:\wenjian\RepMaven\com\fasterxml\jackson\datatype\jackson-datatype-jdk8\2.9.8\jackson-datatype-jdk8-2.9.8.jar;D:\wenjian\RepMaven\com\fasterxml\jackson\datatype\jackson-datatype-jsr310\2.9.8\jackson-datatype-jsr310-2.9.8.jar;D:\wenjian\RepMaven\com\fasterxml\jackson\module\jackson-module-parameter-names\2.9.8\jackson-module-parameter-names-2.9.8.jar;D:\wenjian\RepMaven\org\springframework\boot\spring-boot-starter-tomcat\2.1.3.RELEASE\spring-boot-starter-tomcat-2.1.3.RELEASE.jar;D:\wenjian\RepMaven\org\apache\tomcat\embed\tomcat-embed-core\9.0.16\tomcat-embed-core-9.0.16.jar;D:\wenjian\RepMaven\org\apache\tomcat\embed\tomcat-embed-el\9.0.16\tomcat-embed-el-9.0.16.jar;D:\wenjian\RepMaven\org\apache\tomcat\embed\tomcat-embed-websocket\9.0.16\tomcat-embed-websocket-9.0.16.jar;D:\wenjian\RepMaven\org\hibernate\validator\hibernate-validator\6.0.14.Final\hibernate-validator-6.0.14.Final.jar;D:\wenjian\RepMaven\javax\validation\validation-api\2.0.1.Final\validation-api-2.0.1.Final.jar;D:\wenjian\RepMaven\org\springframework\spring-web\5.1.5.RELEASE\spring-web-5.1.5.RELEASE.jar;D:\wenjian\RepMaven\org\springframework\spring-webmvc\5.1.5.RELEASE\spring-webmvc-5.1.5.RELEASE.jar;D:\wenjian\RepMaven\org\springframework\spring-expression\5.1.5.RELEASE\spring-expression-5.1.5.RELEASE.jar;D:\wenjian\RepMaven\mysql\mysql-connector-java\8.0.15\mysql-connector-java-8.0.15.jar;D:\wenjian\RepMaven\org\projectlombok\lombok\1.16.20\lombok-1.16.20.jar;D:\wenjian\RepMaven\org\springframework\boot\spring-boot-starter-test\2.1.3.RELEASE\spring-boot-starter-test-2.1.3.RELEASE.jar;D:\wenjian\RepMaven\org\springframework\boot\spring-boot-test\2.1.3.RELEASE\spring-boot-test-2.1.3.RELEASE.jar;D:\wenjian\RepMaven\org\springframework\boot\spring-boot-test-autoconfigure\2.1.3.RELEASE\spring-boot-test-autoconfigure-2.1.3.RELEASE.jar;D:\wenjian\RepMaven\com\jayway\jsonpath\json-path\2.4.0\json-path-2.4.0.jar;D:\wenjian\RepMaven\net\minidev\json-smart\2.3\json-smart-2.3.jar;D:\wenjian\RepMaven\net\minidev\accessors-smart\1.2\accessors-smart-1.2.jar;D:\wenjian\RepMaven\org\ow2\asm\asm\5.0.4\asm-5.0.4.jar;D:\wenjian\RepMaven\junit\junit\4.12\junit-4.12.jar;D:\wenjian\RepMaven\org\assertj\assertj-core\3.11.1\assertj-core-3.11.1.jar;D:\wenjian\RepMaven\org\mockito\mockito-core\2.23.4\mockito-core-2.23.4.jar;D:\wenjian\RepMaven\net\bytebuddy\byte-buddy-agent\1.9.10\byte-buddy-agent-1.9.10.jar;D:\wenjian\RepMaven\org\objenesis\objenesis\2.6\objenesis-2.6.jar;D:\wenjian\RepMaven\org\hamcrest\hamcrest-core\1.3\hamcrest-core-1.3.jar;D:\wenjian\RepMaven\org\hamcrest\hamcrest-library\1.3\hamcrest-library-1.3.jar;D:\wenjian\RepMaven\org\skyscreamer\jsonassert\1.5.0\jsonassert-1.5.0.jar;D:\wenjian\RepMaven\com\vaadin\external\google\android-json\0.0.20131108.vaadin1\android-json-0.0.20131108.vaadin1.jar;D:\wenjian\RepMaven\org\springframework\spring-core\5.1.5.RELEASE\spring-core-5.1.5.RELEASE.jar;D:\wenjian\RepMaven\org\springframework\spring-jcl\5.1.5.RELEASE\spring-jcl-5.1.5.RELEASE.jar;D:\wenjian\RepMaven\org\springframework\spring-test\5.1.5.RELEASE\spring-test-5.1.5.RELEASE.jar;D:\wenjian\RepMaven\org\xmlunit\xmlunit-core\2.6.2\xmlunit-core-2.6.2.jar;"/>
    <property name="java.vm.vendor" value="Oracle Corporation"/>
    <property name="sun.arch.data.model" value="64"/>
    <property name="user.variant" value=""/>
    <property name="java.vendor.url" value="http://java.oracle.com/"/>
    <property name="user.timezone" value="Asia/Shanghai"/>
    <property name="java.vm.specification.version" value="1.8"/>
    <property name="os.name" value="Windows 7"/>
    <property name="user.country" value="CN"/>
    <property name="sun.java.launcher" value="SUN_STANDARD"/>
    <property name="sun.boot.library.path" value="E:\java\jdk1.8.0_231\jre\bin"/>
    <property name="sun.java.command" value="C:\Users\ADMINI~1\AppData\Local\Temp\surefire3158527051064707381\surefirebooter2591645088996347491.jar C:\Users\Administrator\AppData\Local\Temp\surefire3158527051064707381 2021-01-05T15-37-15_282-jvmRun1 surefire6802203690402681851tmp surefire_04409067139783337966tmp"/>
    <property name="surefire.test.class.path" value="D:\springbootdemo\Demo-master\springboot_thymeleaf_demo\target\test-classes;D:\springbootdemo\Demo-master\springboot_thymeleaf_demo\target\classes;D:\wenjian\RepMaven\org\springframework\boot\spring-boot-starter-data-jpa\2.1.3.RELEASE\spring-boot-starter-data-jpa-2.1.3.RELEASE.jar;D:\wenjian\RepMaven\org\springframework\boot\spring-boot-starter-aop\2.1.3.RELEASE\spring-boot-starter-aop-2.1.3.RELEASE.jar;D:\wenjian\RepMaven\org\springframework\spring-aop\5.1.5.RELEASE\spring-aop-5.1.5.RELEASE.jar;D:\wenjian\RepMaven\org\aspectj\aspectjweaver\1.9.2\aspectjweaver-1.9.2.jar;D:\wenjian\RepMaven\org\springframework\boot\spring-boot-starter-jdbc\2.1.3.RELEASE\spring-boot-starter-jdbc-2.1.3.RELEASE.jar;D:\wenjian\RepMaven\com\zaxxer\HikariCP\3.2.0\HikariCP-3.2.0.jar;D:\wenjian\RepMaven\org\springframework\spring-jdbc\5.1.5.RELEASE\spring-jdbc-5.1.5.RELEASE.jar;D:\wenjian\RepMaven\javax\transaction\javax.transaction-api\1.3\javax.transaction-api-1.3.jar;D:\wenjian\RepMaven\javax\xml\bind\jaxb-api\2.3.1\jaxb-api-2.3.1.jar;D:\wenjian\RepMaven\javax\activation\javax.activation-api\1.2.0\javax.activation-api-1.2.0.jar;D:\wenjian\RepMaven\org\hibernate\hibernate-core\5.3.7.Final\hibernate-core-5.3.7.Final.jar;D:\wenjian\RepMaven\org\jboss\logging\jboss-logging\3.3.2.Final\jboss-logging-3.3.2.Final.jar;D:\wenjian\RepMaven\javax\persistence\javax.persistence-api\2.2\javax.persistence-api-2.2.jar;D:\wenjian\RepMaven\org\javassist\javassist\3.23.1-GA\javassist-3.23.1-GA.jar;D:\wenjian\RepMaven\net\bytebuddy\byte-buddy\1.9.10\byte-buddy-1.9.10.jar;D:\wenjian\RepMaven\antlr\antlr\2.7.7\antlr-2.7.7.jar;D:\wenjian\RepMaven\org\jboss\jandex\2.0.5.Final\jandex-2.0.5.Final.jar;D:\wenjian\RepMaven\com\fasterxml\classmate\1.4.0\classmate-1.4.0.jar;D:\wenjian\RepMaven\org\dom4j\dom4j\2.1.1\dom4j-2.1.1.jar;D:\wenjian\RepMaven\org\hibernate\common\hibernate-commons-annotations\5.0.4.Final\hibernate-commons-annotations-5.0.4.Final.jar;D:\wenjian\RepMaven\org\springframework\data\spring-data-jpa\2.1.5.RELEASE\spring-data-jpa-2.1.5.RELEASE.jar;D:\wenjian\RepMaven\org\springframework\data\spring-data-commons\2.1.5.RELEASE\spring-data-commons-2.1.5.RELEASE.jar;D:\wenjian\RepMaven\org\springframework\spring-orm\5.1.5.RELEASE\spring-orm-5.1.5.RELEASE.jar;D:\wenjian\RepMaven\org\springframework\spring-context\5.1.5.RELEASE\spring-context-5.1.5.RELEASE.jar;D:\wenjian\RepMaven\org\springframework\spring-tx\5.1.5.RELEASE\spring-tx-5.1.5.RELEASE.jar;D:\wenjian\RepMaven\org\springframework\spring-beans\5.1.5.RELEASE\spring-beans-5.1.5.RELEASE.jar;D:\wenjian\RepMaven\org\slf4j\slf4j-api\1.7.25\slf4j-api-1.7.25.jar;D:\wenjian\RepMaven\org\springframework\spring-aspects\5.1.5.RELEASE\spring-aspects-5.1.5.RELEASE.jar;D:\wenjian\RepMaven\org\springframework\boot\spring-boot-starter-web\2.1.3.RELEASE\spring-boot-starter-web-2.1.3.RELEASE.jar;D:\wenjian\RepMaven\org\springframework\boot\spring-boot-starter\2.1.3.RELEASE\spring-boot-starter-2.1.3.RELEASE.jar;D:\wenjian\RepMaven\org\springframework\boot\spring-boot\2.1.3.RELEASE\spring-boot-2.1.3.RELEASE.jar;D:\wenjian\RepMaven\org\springframework\boot\spring-boot-autoconfigure\2.1.3.RELEASE\spring-boot-autoconfigure-2.1.3.RELEASE.jar;D:\wenjian\RepMaven\org\springframework\boot\spring-boot-starter-logging\2.1.3.RELEASE\spring-boot-starter-logging-2.1.3.RELEASE.jar;D:\wenjian\RepMaven\ch\qos\logback\logback-classic\1.2.3\logback-classic-1.2.3.jar;D:\wenjian\RepMaven\ch\qos\logback\logback-core\1.2.3\logback-core-1.2.3.jar;D:\wenjian\RepMaven\org\apache\logging\log4j\log4j-to-slf4j\2.11.2\log4j-to-slf4j-2.11.2.jar;D:\wenjian\RepMaven\org\apache\logging\log4j\log4j-api\2.11.2\log4j-api-2.11.2.jar;D:\wenjian\RepMaven\org\slf4j\jul-to-slf4j\1.7.25\jul-to-slf4j-1.7.25.jar;D:\wenjian\RepMaven\javax\annotation\javax.annotation-api\1.3.2\javax.annotation-api-1.3.2.jar;D:\wenjian\RepMaven\org\yaml\snakeyaml\1.23\snakeyaml-1.23.jar;D:\wenjian\RepMaven\org\springframework\boot\spring-boot-starter-json\2.1.3.RELEASE\spring-boot-starter-json-2.1.3.RELEASE.jar;D:\wenjian\RepMaven\com\fasterxml\jackson\core\jackson-databind\2.9.8\jackson-databind-2.9.8.jar;D:\wenjian\RepMaven\com\fasterxml\jackson\core\jackson-annotations\2.9.0\jackson-annotations-2.9.0.jar;D:\wenjian\RepMaven\com\fasterxml\jackson\core\jackson-core\2.9.8\jackson-core-2.9.8.jar;D:\wenjian\RepMaven\com\fasterxml\jackson\datatype\jackson-datatype-jdk8\2.9.8\jackson-datatype-jdk8-2.9.8.jar;D:\wenjian\RepMaven\com\fasterxml\jackson\datatype\jackson-datatype-jsr310\2.9.8\jackson-datatype-jsr310-2.9.8.jar;D:\wenjian\RepMaven\com\fasterxml\jackson\module\jackson-module-parameter-names\2.9.8\jackson-module-parameter-names-2.9.8.jar;D:\wenjian\RepMaven\org\springframework\boot\spring-boot-starter-tomcat\2.1.3.RELEASE\spring-boot-starter-tomcat-2.1.3.RELEASE.jar;D:\wenjian\RepMaven\org\apache\tomcat\embed\tomcat-embed-core\9.0.16\tomcat-embed-core-9.0.16.jar;D:\wenjian\RepMaven\org\apache\tomcat\embed\tomcat-embed-el\9.0.16\tomcat-embed-el-9.0.16.jar;D:\wenjian\RepMaven\org\apache\tomcat\embed\tomcat-embed-websocket\9.0.16\tomcat-embed-websocket-9.0.16.jar;D:\wenjian\RepMaven\org\hibernate\validator\hibernate-validator\6.0.14.Final\hibernate-validator-6.0.14.Final.jar;D:\wenjian\RepMaven\javax\validation\validation-api\2.0.1.Final\validation-api-2.0.1.Final.jar;D:\wenjian\RepMaven\org\springframework\spring-web\5.1.5.RELEASE\spring-web-5.1.5.RELEASE.jar;D:\wenjian\RepMaven\org\springframework\spring-webmvc\5.1.5.RELEASE\spring-webmvc-5.1.5.RELEASE.jar;D:\wenjian\RepMaven\org\springframework\spring-expression\5.1.5.RELEASE\spring-expression-5.1.5.RELEASE.jar;D:\wenjian\RepMaven\mysql\mysql-connector-java\8.0.15\mysql-connector-java-8.0.15.jar;D:\wenjian\RepMaven\org\projectlombok\lombok\1.16.20\lombok-1.16.20.jar;D:\wenjian\RepMaven\org\springframework\boot\spring-boot-starter-test\2.1.3.RELEASE\spring-boot-starter-test-2.1.3.RELEASE.jar;D:\wenjian\RepMaven\org\springframework\boot\spring-boot-test\2.1.3.RELEASE\spring-boot-test-2.1.3.RELEASE.jar;D:\wenjian\RepMaven\org\springframework\boot\spring-boot-test-autoconfigure\2.1.3.RELEASE\spring-boot-test-autoconfigure-2.1.3.RELEASE.jar;D:\wenjian\RepMaven\com\jayway\jsonpath\json-path\2.4.0\json-path-2.4.0.jar;D:\wenjian\RepMaven\net\minidev\json-smart\2.3\json-smart-2.3.jar;D:\wenjian\RepMaven\net\minidev\accessors-smart\1.2\accessors-smart-1.2.jar;D:\wenjian\RepMaven\org\ow2\asm\asm\5.0.4\asm-5.0.4.jar;D:\wenjian\RepMaven\junit\junit\4.12\junit-4.12.jar;D:\wenjian\RepMaven\org\assertj\assertj-core\3.11.1\assertj-core-3.11.1.jar;D:\wenjian\RepMaven\org\mockito\mockito-core\2.23.4\mockito-core-2.23.4.jar;D:\wenjian\RepMaven\net\bytebuddy\byte-buddy-agent\1.9.10\byte-buddy-agent-1.9.10.jar;D:\wenjian\RepMaven\org\objenesis\objenesis\2.6\objenesis-2.6.jar;D:\wenjian\RepMaven\org\hamcrest\hamcrest-core\1.3\hamcrest-core-1.3.jar;D:\wenjian\RepMaven\org\hamcrest\hamcrest-library\1.3\hamcrest-library-1.3.jar;D:\wenjian\RepMaven\org\skyscreamer\jsonassert\1.5.0\jsonassert-1.5.0.jar;D:\wenjian\RepMaven\com\vaadin\external\google\android-json\0.0.20131108.vaadin1\android-json-0.0.20131108.vaadin1.jar;D:\wenjian\RepMaven\org\springframework\spring-core\5.1.5.RELEASE\spring-core-5.1.5.RELEASE.jar;D:\wenjian\RepMaven\org\springframework\spring-jcl\5.1.5.RELEASE\spring-jcl-5.1.5.RELEASE.jar;D:\wenjian\RepMaven\org\springframework\spring-test\5.1.5.RELEASE\spring-test-5.1.5.RELEASE.jar;D:\wenjian\RepMaven\org\xmlunit\xmlunit-core\2.6.2\xmlunit-core-2.6.2.jar;"/>
    <property name="sun.cpu.endian" value="little"/>
    <property name="user.home" value="C:\Users\Administrator"/>
    <property name="user.language" value="zh"/>
    <property name="java.specification.vendor" value="Oracle Corporation"/>
    <property name="java.home" value="E:\java\jdk1.8.0_231\jre"/>
    <property name="basedir" value="D:\springbootdemo\Demo-master\springboot_thymeleaf_demo"/>
    <property name="file.separator" value="\"/>
    <property name="line.separator" value="&#10;"/>
    <property name="idea.version2019.2.4" value="true"/>
    <property name="java.vm.specification.vendor" value="Oracle Corporation"/>
    <property name="java.specification.name" value="Java Platform API Specification"/>
    <property name="java.awt.graphicsenv" value="sun.awt.Win32GraphicsEnvironment"/>
    <property name="surefire.real.class.path" value="C:\Users\ADMINI~1\AppData\Local\Temp\surefire3158527051064707381\surefirebooter2591645088996347491.jar"/>
    <property name="sun.boot.class.path" value="E:\java\jdk1.8.0_231\jre\lib\resources.jar;E:\java\jdk1.8.0_231\jre\lib\rt.jar;E:\java\jdk1.8.0_231\jre\lib\sunrsasign.jar;E:\java\jdk1.8.0_231\jre\lib\jsse.jar;E:\java\jdk1.8.0_231\jre\lib\jce.jar;E:\java\jdk1.8.0_231\jre\lib\charsets.jar;E:\java\jdk1.8.0_231\jre\lib\jfr.jar;E:\java\jdk1.8.0_231\jre\classes"/>
    <property name="user.script" value=""/>
    <property name="sun.management.compiler" value="HotSpot 64-Bit Tiered Compilers"/>
    <property name="java.runtime.version" value="1.8.0_231-b11"/>
    <property name="user.name" value="Administrator"/>
    <property name="path.separator" value=";"/>
    <property name="os.version" value="6.1"/>
    <property name="java.endorsed.dirs" value="E:\java\jdk1.8.0_231\jre\lib\endorsed"/>
    <property name="java.runtime.name" value="Java(TM) SE Runtime Environment"/>
    <property name="file.encoding" value="GBK"/>
    <property name="java.vm.name" value="Java HotSpot(TM) 64-Bit Server VM"/>
    <property name="localRepository" value="D:\wenjian\RepMaven"/>
    <property name="java.vendor.url.bug" value="http://bugreport.sun.com/bugreport/"/>
    <property name="java.io.tmpdir" value="C:\Users\ADMINI~1\AppData\Local\Temp\"/>
    <property name="java.version" value="1.8.0_231"/>
    <property name="user.dir" value="D:\springbootdemo\Demo-master\springboot_thymeleaf_demo"/>
    <property name="os.arch" value="amd64"/>
    <property name="java.vm.specification.name" value="Java Virtual Machine Specification"/>
    <property name="java.awt.printerjob" value="sun.awt.windows.WPrinterJob"/>
    <property name="sun.os.patch.level" value="Service Pack 1"/>
    <property name="java.library.path" value="E:\java\jdk1.8.0_231\jre\bin;C:\Windows\Sun\Java\bin;C:\Windows\system32;C:\Windows;C:\Program Files (x86)\NetSarang\Xshell 6\;C:\Program Files (x86)\Common Files\Oracle\Java\javapath;C:\Windows\system32;C:\Windows;C:\Windows\System32\Wbem;C:\Windows\System32\WindowsPowerShell\v1.0\;C:\Program Files\WIDCOMM\Bluetooth Software\;C:\Program Files\WIDCOMM\Bluetooth Software\syswow64;E:\java\jdk1.7.0_80\bin;E:\java\jdk1.7.0_80\jre\bin;C:\Program Files\TortoiseGit\bin;E:\maven\apache-maven-3.6.3\bin;C:\Program Files\MySQL\MySQL Server 5.5\bin;D:\nodejs\;C:\Users\Administrator\node_modules;E:\Git\cmd;D:\nodejssetup\node_gobal;C:\Users\Administrator\AppData\Roaming\npm;E:\Microsoft VS Code\bin;C:\Users\Administrator\AppData\Local\BypassRuntm;."/>
    <property name="java.vm.info" value="mixed mode"/>
    <property name="java.vendor" value="Oracle Corporation"/>
    <property name="java.vm.version" value="25.231-b11"/>
    <property name="java.ext.dirs" value="E:\java\jdk1.8.0_231\jre\lib\ext;C:\Windows\Sun\Java\lib\ext"/>
    <property name="sun.io.unicode.encoding" value="UnicodeLittle"/>
    <property name="maven.repo.local" value="D:\wenjian\RepMaven"/>
    <property name="java.class.version" value="52.0"/>
  </properties>
  <testcase name="contextLoads" classname="com.nasus.thymeleaf.ThymeleafApplicationTests" time="0.081"/>
</testsuite>